<?xml version="1.0" encoding="UTF-8" standalone="yes"?>
<testsuites name="Demo" time="0" tests="8" failures="0" errors="0">
    <testsuite name="Demo" tests="8" failures="0" errors="0" time="0" timestamp="2019-10-04 15:21:24" hostname="minhhoang - 192.168.122.82" id="Test Suites/Demo">
        <properties>
            <property name="deviceName" value=""/>
            <property name="devicePlatform" value=""/>
            <property name="logFolder" value="/Users/minhhoang/Desktop/techcon2019/test-impact-demo/Reports/Demo/20191004_152122"/>
            <property name="logFiles" value="/Users/minhhoang/Desktop/techcon2019/test-impact-demo/Reports/Demo/20191004_152122/execution0.log"/>
            <property name="attachments" value=""/>
            <property name="hostName" value="minhhoang - 192.168.122.82"/>
            <property name="hostAddress" value="192.168.122.82"/>
            <property name="os" value="Mac OS X 64bit"/>
            <property name="katalonVersion" value="6.2.2.4"/>
        </properties>
        <testcase name="Test Cases/Authenticate/TC-02" classname="Test Cases/Authenticate/TC-02" status="PASSED">
            <system-out>2019-10-04 15:21:25 - [TEST_CASE][PASSED] - Test Cases/Authenticate/TC-02: Test Cases/Authenticate/TC-02

2019-10-04 15:21:25 - [TEST_STEP][PASSED] - Start listener action : sampleBeforeTestCase: null

2019-10-04 15:21:25 - [TEST_STEP][PASSED] - if (IS_RUN_IN_TEST_SUITE): null

2019-10-04 15:21:25 - [TEST_STEP][PASSED] - println("Authenticate TC-02"): null

2019-10-04 15:21:25 - [TEST_STEP][PASSED] - println("Authenticate,Register,Authenticate With Gmail"): null

2019-10-04 15:21:25 - [TEST_STEP][PASSED] - Start listener action : sampleAfterTestCase: null

2019-10-04 15:21:25 - [TEST_STEP][PASSED] - if (IS_RUN_IN_TEST_SUITE): null</system-out>
            <system-err></system-err>
        </testcase>
        <testcase name="Test Cases/Authenticate/TC-01" classname="Test Cases/Authenticate/TC-01" status="PASSED">
            <system-out>2019-10-04 15:21:25 - [TEST_CASE][PASSED] - Test Cases/Authenticate/TC-01: Test Cases/Authenticate/TC-01

2019-10-04 15:21:25 - [TEST_STEP][PASSED] - Start listener action : sampleBeforeTestCase: null

2019-10-04 15:21:25 - [TEST_STEP][PASSED] - if (IS_RUN_IN_TEST_SUITE): null

2019-10-04 15:21:25 - [TEST_STEP][PASSED] - println("Authenticate TC-01"): null

2019-10-04 15:21:25 - [TEST_STEP][PASSED] - println("Authenticate,Register,Authenticate Require SSO"): null

2019-10-04 15:21:25 - [TEST_STEP][PASSED] - Start listener action : sampleAfterTestCase: null

2019-10-04 15:21:25 - [TEST_STEP][PASSED] - if (IS_RUN_IN_TEST_SUITE): null</system-out>
            <system-err></system-err>
        </testcase>
        <testcase name="Test Cases/SearchItem/TC-02" classname="Test Cases/SearchItem/TC-02" status="PASSED">
            <system-out>2019-10-04 15:21:25 - [TEST_CASE][PASSED] - Test Cases/SearchItem/TC-02: Test Cases/SearchItem/TC-02

2019-10-04 15:21:25 - [TEST_STEP][PASSED] - Start listener action : sampleBeforeTestCase: null

2019-10-04 15:21:25 - [TEST_STEP][PASSED] - if (IS_RUN_IN_TEST_SUITE): null

2019-10-04 15:21:25 - [TEST_STEP][PASSED] - println("SearchItem TC-02"): null

2019-10-04 15:21:25 - [TEST_STEP][PASSED] - println("Search,Search WIth Valid Item"): null

2019-10-04 15:21:25 - [TEST_STEP][PASSED] - Start listener action : sampleAfterTestCase: null

2019-10-04 15:21:25 - [TEST_STEP][PASSED] - if (IS_RUN_IN_TEST_SUITE): null</system-out>
            <system-err></system-err>
        </testcase>
        <testcase name="Test Cases/SearchItem/TC-01" classname="Test Cases/SearchItem/TC-01" status="PASSED">
            <system-out>2019-10-04 15:21:25 - [TEST_CASE][PASSED] - Test Cases/SearchItem/TC-01: Test Cases/SearchItem/TC-01

2019-10-04 15:21:25 - [TEST_STEP][PASSED] - Start listener action : sampleBeforeTestCase: null

2019-10-04 15:21:25 - [TEST_STEP][PASSED] - if (IS_RUN_IN_TEST_SUITE): null

2019-10-04 15:21:25 - [TEST_STEP][PASSED] - println("SearchItem TC-01"): null

2019-10-04 15:21:25 - [TEST_STEP][PASSED] - println("Search,Search WIth Invalid Item"): null

2019-10-04 15:21:25 - [TEST_STEP][PASSED] - Start listener action : sampleAfterTestCase: null

2019-10-04 15:21:25 - [TEST_STEP][PASSED] - if (IS_RUN_IN_TEST_SUITE): null</system-out>
            <system-err></system-err>
        </testcase>
        <testcase name="Test Cases/Register/TC-02" classname="Test Cases/Register/TC-02" status="PASSED">
            <system-out>2019-10-04 15:21:25 - [TEST_CASE][PASSED] - Test Cases/Register/TC-02: Test Cases/Register/TC-02

2019-10-04 15:21:25 - [TEST_STEP][PASSED] - Start listener action : sampleBeforeTestCase: null

2019-10-04 15:21:25 - [TEST_STEP][PASSED] - if (IS_RUN_IN_TEST_SUITE): null

2019-10-04 15:21:25 - [TEST_STEP][PASSED] - println("Register TC-02"): null

2019-10-04 15:21:25 - [TEST_STEP][PASSED] - println("Authenticate,Register,Register With SSO"): null

2019-10-04 15:21:25 - [TEST_STEP][PASSED] - Start listener action : sampleAfterTestCase: null

2019-10-04 15:21:25 - [TEST_STEP][PASSED] - if (IS_RUN_IN_TEST_SUITE): null</system-out>
            <system-err></system-err>
        </testcase>
        <testcase name="Test Cases/Register/TC-01" classname="Test Cases/Register/TC-01" status="PASSED">
            <system-out>2019-10-04 15:21:25 - [TEST_CASE][PASSED] - Test Cases/Register/TC-01: Test Cases/Register/TC-01

2019-10-04 15:21:25 - [TEST_STEP][PASSED] - Start listener action : sampleBeforeTestCase: null

2019-10-04 15:21:25 - [TEST_STEP][PASSED] - if (IS_RUN_IN_TEST_SUITE): null

2019-10-04 15:21:25 - [TEST_STEP][PASSED] - println("Register TC-01"): null

2019-10-04 15:21:25 - [TEST_STEP][PASSED] - println("Authenticate,Register,Register With Gmail"): null

2019-10-04 15:21:25 - [TEST_STEP][PASSED] - Start listener action : sampleAfterTestCase: null

2019-10-04 15:21:25 - [TEST_STEP][PASSED] - if (IS_RUN_IN_TEST_SUITE): null</system-out>
            <system-err></system-err>
        </testcase>
        <testcase name="Test Cases/BuyItem/TC-02" classname="Test Cases/BuyItem/TC-02" status="PASSED">
            <system-out>2019-10-04 15:21:25 - [TEST_CASE][PASSED] - Test Cases/BuyItem/TC-02: Test Cases/BuyItem/TC-02

2019-10-04 15:21:25 - [TEST_STEP][PASSED] - Start listener action : sampleBeforeTestCase: null

2019-10-04 15:21:25 - [TEST_STEP][PASSED] - if (IS_RUN_IN_TEST_SUITE): null

2019-10-04 15:21:25 - [TEST_STEP][PASSED] - println("Buy Item Workflow TC-02"): null

2019-10-04 15:21:25 - [TEST_STEP][PASSED] - println("Buy,Buy With Valid Item"): null

2019-10-04 15:21:25 - [TEST_STEP][PASSED] - Start listener action : sampleAfterTestCase: null

2019-10-04 15:21:25 - [TEST_STEP][PASSED] - if (IS_RUN_IN_TEST_SUITE): null</system-out>
            <system-err></system-err>
        </testcase>
        <testcase name="Test Cases/BuyItem/TC-01" classname="Test Cases/BuyItem/TC-01" status="PASSED">
            <system-out>2019-10-04 15:21:25 - [TEST_CASE][PASSED] - Test Cases/BuyItem/TC-01: Test Cases/BuyItem/TC-01

2019-10-04 15:21:25 - [TEST_STEP][PASSED] - Start listener action : sampleBeforeTestCase: null

2019-10-04 15:21:25 - [TEST_STEP][PASSED] - if (IS_RUN_IN_TEST_SUITE): null

2019-10-04 15:21:25 - [TEST_STEP][PASSED] - println("Buy Item Workflow TC-01"): null

2019-10-04 15:21:25 - [TEST_STEP][PASSED] - println("Buy,Buy With Invalid Item"): null

2019-10-04 15:21:25 - [TEST_STEP][PASSED] - Start listener action : sampleAfterTestCase: null

2019-10-04 15:21:25 - [TEST_STEP][PASSED] - if (IS_RUN_IN_TEST_SUITE): null</system-out>
            <system-err></system-err>
        </testcase>
        <system-out>2019-10-04 15:21:24 - [TEST_SUITE][INCOMPLETE] - Demo: null</system-out>
        <system-err>2019-10-04 15:21:24 - [TEST_SUITE][INCOMPLETE] - Demo: null</system-err>
    </testsuite>
</testsuites>
