<?xml version="1.0" encoding="UTF-8" standalone="yes"?>
<testsuites name="Sample TIL Suite" time="0" tests="1" failures="0" errors="0">
    <testsuite name="Sample TIL Suite" tests="1" failures="0" errors="0" time="0" timestamp="2019-08-05 23:10:17" hostname="minhhoang - c02vr2n7hv2h" id="Test Suites/Sample TIL Suite">
        <properties>
            <property name="deviceName" value=""/>
            <property name="devicePlatform" value=""/>
            <property name="logFolder" value="/Users/minhhoang/Katalon Studio/TIL-Techcon/Reports/Sample TIL Suite/20190805_231012"/>
            <property name="logFiles" value="/Users/minhhoang/Katalon Studio/TIL-Techcon/Reports/Sample TIL Suite/20190805_231012/execution0.log"/>
            <property name="attachments" value=""/>
            <property name="hostName" value="minhhoang - c02vr2n7hv2h"/>
            <property name="hostAddress" value="192.168.21.34"/>
            <property name="os" value="Mac OS X 64bit"/>
            <property name="katalonVersion" value="6.2.2.4"/>
        </properties>
        <testcase name="Test Cases/Register/TC-02" classname="Test Cases/Register/TC-02" status="PASSED">
            <system-out>2019-08-05 23:10:17 - [TEST_CASE][PASSED] - Test Cases/Register/TC-02: Test Cases/Register/TC-02

2019-08-05 23:10:17 - [TEST_STEP][PASSED] - println("Register TC-02"): null</system-out>
            <system-err></system-err>
        </testcase>
        <system-out>2019-08-05 23:10:17 - [TEST_SUITE][INCOMPLETE] - Sample TIL Suite: null</system-out>
        <system-err>2019-08-05 23:10:17 - [TEST_SUITE][INCOMPLETE] - Sample TIL Suite: null</system-err>
    </testsuite>
</testsuites>
